\BOOKMARK [0][-]{chapter.1}{\376\377\000I\000n\000t\000r\000o\000d\000u\000c\000t\000i\000o\000n}{}% 1
\BOOKMARK [0][-]{chapter.2}{\376\377\000S\000t\000a\000t\000e\000\040\000o\000f\000\040\000t\000h\000e\000\040\000A\000r\000t}{}% 2
\BOOKMARK [0][-]{chapter.3}{\376\377\000T\000h\000e\000o\000r\000e\000t\000i\000c\000a\000l\000\040\000B\000a\000c\000k\000g\000r\000o\000u\000n\000d}{}% 3
\BOOKMARK [1][-]{section.3.1}{\376\377\000L\000i\000D\000A\000R\000\040\000S\000c\000a\000n\000n\000i\000n\000g}{chapter.3}% 4
\BOOKMARK [1][-]{section.3.2}{\376\377\000P\000L\000A\000\040\040\023\000\040\000p\000o\000l\000y\000l\000a\000c\000t\000i\000c\000\040\000a\000c\000i\000d}{chapter.3}% 5
\BOOKMARK [1][-]{section.3.3}{\376\377\000I\000n\000t\000r\000i\000n\000s\000i\000c\000\040\000C\000a\000m\000e\000r\000a\000\040\000C\000a\000l\000i\000b\000r\000a\000t\000i\000o\000n}{chapter.3}% 6
\BOOKMARK [1][-]{section.3.4}{\376\377\000E\000x\000t\000r\000i\000n\000s\000i\000c\000\040\000C\000a\000l\000i\000b\000r\000a\000t\000i\000o\000n\000\040\000o\000f\000\040\000L\000i\000D\000A\000R\000\040\000a\000n\000d\000\040\000C\000a\000m\000e\000r\000a}{chapter.3}% 7
\BOOKMARK [1][-]{section.3.5}{\376\377\000S\000y\000n\000c\000h\000r\000o\000n\000i\000z\000e\000\040\000t\000i\000m\000e\000s\000t\000a\000m\000p\000s}{chapter.3}% 8
\BOOKMARK [1][-]{section.3.6}{\376\377\000P\000r\000o\000j\000e\000c\000t\000i\000o\000n\000\040\000f\000r\000o\000m\000\040\000L\000i\000D\000A\000R\000\040\000t\000o\000\040\000I\000m\000a\000g\000e\000\040\000s\000p\000a\000c\000e}{chapter.3}% 9
\BOOKMARK [1][-]{section.3.7}{\376\377\000I\000C\000P\000\040\040\023\000\040\000I\000t\000e\000r\000a\000t\000i\000v\000e\000\040\000C\000l\000o\000s\000e\000s\000t\000\040\000P\000o\000i\000n\000t}{chapter.3}% 10
\BOOKMARK [0][-]{chapter.4}{\376\377\000H\000a\000r\000d\000w\000a\000r\000e\000\040\000a\000n\000d\000\040\000D\000e\000s\000i\000g\000n}{}% 11
\BOOKMARK [1][-]{section.4.1}{\376\377\000D\000e\000s\000i\000g\000n}{chapter.4}% 12
\BOOKMARK [1][-]{section.4.2}{\376\377\000C\000o\000m\000p\000o\000n\000e\000n\000t\000s}{chapter.4}% 13
\BOOKMARK [1][-]{section.4.3}{\376\377\000P\000u\000r\000c\000h\000a\000s\000e\000\040\000c\000o\000s\000t\000s}{chapter.4}% 14
\BOOKMARK [0][-]{chapter.5}{\376\377\000S\000o\000f\000t\000w\000a\000r\000e}{}% 15
\BOOKMARK [1][-]{section.5.1}{\376\377\000S\000e\000t\000u\000p}{chapter.5}% 16
\BOOKMARK [1][-]{section.5.2}{\376\377\000U\000n\000i\000-\000F\000u\000s\000i\000o\000n\000:\000\040\000U\000n\000i\000v\000e\000r\000s\000a\000l\000\040\000c\000o\000n\000t\000i\000n\000u\000o\000u\000s\000\040\000m\000a\000p\000p\000i\000n\000g}{chapter.5}% 17
\BOOKMARK [0][-]{chapter.6}{\376\377\000A\000p\000p\000r\000o\000a\000c\000h}{}% 18
\BOOKMARK [0][-]{chapter.7}{\376\377\000E\000x\000p\000e\000r\000i\000m\000e\000n\000t\000s\000\040\000a\000n\000d\000\040\000r\000e\000s\000u\000l\000t\000s}{}% 19
\BOOKMARK [1][-]{section.7.1}{\376\377\000R\000G\000B\000-\000D}{chapter.7}% 20
\BOOKMARK [2][-]{subsection.7.1.1}{\376\377\000E\000x\000p\000e\000r\000i\000m\000e\000n\000t\000\040\0001}{section.7.1}% 21
\BOOKMARK [2][-]{subsection.7.1.2}{\376\377\000E\000x\000p\000e\000r\000i\000m\000e\000n\000t\000\040\0002}{section.7.1}% 22
\BOOKMARK [1][-]{section.7.2}{\376\377\000U\000n\000i\040\023\000F\000u\000s\000i\000o\000n}{chapter.7}% 23
\BOOKMARK [0][-]{chapter.8}{\376\377\000C\000o\000n\000c\000l\000u\000s\000i\000o\000n\000\040\000a\000n\000d\000\040\000f\000u\000t\000u\000r\000e\000\040\000w\000o\000r\000k}{}% 24
\BOOKMARK [0][-]{appendix.A}{\376\377\000D\000r\000a\000w\000i\000n\000g\000s\000\040\000h\000a\000n\000d\000h\000e\000l\000d\000\040\000D\000e\000v\000i\000c\000e}{}% 25
